[ERROR] 2020-05-10 16:17:02.581 [main] Database - java.sql.SQLIntegrityConstraintViolationException: Cannot delete or update a parent row: a foreign key constraint fails (`preschoolforward_test`.`report`, CONSTRAINT `Report_User` FOREIGN KEY (`user_id`) REFERENCES `user` (`id`))
[ERROR] 2020-05-10 16:17:04.902 [main] Database - java.sql.SQLIntegrityConstraintViolationException: Cannot delete or update a parent row: a foreign key constraint fails (`preschoolforward_test`.`report`, CONSTRAINT `Report_User` FOREIGN KEY (`user_id`) REFERENCES `user` (`id`))
[ERROR] 2020-05-10 16:17:04.924 [main] Database - java.sql.SQLIntegrityConstraintViolationException: Cannot delete or update a parent row: a foreign key constraint fails (`preschoolforward_test`.`report`, CONSTRAINT `Report_User` FOREIGN KEY (`user_id`) REFERENCES `user` (`id`))
[ERROR] 2020-05-10 16:19:59.999 [main] Database - java.sql.SQLIntegrityConstraintViolationException: Cannot delete or update a parent row: a foreign key constraint fails (`preschoolforward_test`.`report`, CONSTRAINT `Report_User` FOREIGN KEY (`user_id`) REFERENCES `user` (`id`))
[ERROR] 2020-05-10 16:20:02.370 [main] Database - java.sql.SQLIntegrityConstraintViolationException: Cannot delete or update a parent row: a foreign key constraint fails (`preschoolforward_test`.`report`, CONSTRAINT `Report_User` FOREIGN KEY (`user_id`) REFERENCES `user` (`id`))
[ERROR] 2020-05-10 16:20:02.397 [main] Database - java.sql.SQLIntegrityConstraintViolationException: Cannot delete or update a parent row: a foreign key constraint fails (`preschoolforward_test`.`report`, CONSTRAINT `Report_User` FOREIGN KEY (`user_id`) REFERENCES `user` (`id`))
[ERROR] 2020-05-10 16:27:31.930 [main] Database - java.sql.SQLIntegrityConstraintViolationException: Cannot delete or update a parent row: a foreign key constraint fails (`preschoolforward_test`.`report`, CONSTRAINT `Report_User` FOREIGN KEY (`user_id`) REFERENCES `user` (`id`))
[ERROR] 2020-05-10 16:27:34.339 [main] Database - java.sql.SQLIntegrityConstraintViolationException: Cannot delete or update a parent row: a foreign key constraint fails (`preschoolforward_test`.`report`, CONSTRAINT `Report_User` FOREIGN KEY (`user_id`) REFERENCES `user` (`id`))
[ERROR] 2020-05-10 16:27:34.362 [main] Database - java.sql.SQLIntegrityConstraintViolationException: Cannot delete or update a parent row: a foreign key constraint fails (`preschoolforward_test`.`report`, CONSTRAINT `Report_User` FOREIGN KEY (`user_id`) REFERENCES `user` (`id`))
[ERROR] 2020-05-10 16:28:35.465 [main] Database - java.sql.SQLIntegrityConstraintViolationException: Cannot delete or update a parent row: a foreign key constraint fails (`preschoolforward_test`.`report`, CONSTRAINT `Report_User` FOREIGN KEY (`user_id`) REFERENCES `user` (`id`))
[ERROR] 2020-05-10 16:28:37.830 [main] Database - java.sql.SQLIntegrityConstraintViolationException: Cannot delete or update a parent row: a foreign key constraint fails (`preschoolforward_test`.`report`, CONSTRAINT `Report_User` FOREIGN KEY (`user_id`) REFERENCES `user` (`id`))
[ERROR] 2020-05-10 16:28:37.854 [main] Database - java.sql.SQLIntegrityConstraintViolationException: Cannot delete or update a parent row: a foreign key constraint fails (`preschoolforward_test`.`report`, CONSTRAINT `Report_User` FOREIGN KEY (`user_id`) REFERENCES `user` (`id`))
[ERROR] 2020-05-10 16:29:22.115 [main] Database - java.sql.SQLIntegrityConstraintViolationException: Cannot delete or update a parent row: a foreign key constraint fails (`preschoolforward_test`.`report`, CONSTRAINT `Report_User` FOREIGN KEY (`user_id`) REFERENCES `user` (`id`))
[ERROR] 2020-05-10 16:29:24.429 [main] Database - java.sql.SQLIntegrityConstraintViolationException: Cannot delete or update a parent row: a foreign key constraint fails (`preschoolforward_test`.`report`, CONSTRAINT `Report_User` FOREIGN KEY (`user_id`) REFERENCES `user` (`id`))
[ERROR] 2020-05-10 16:29:24.454 [main] Database - java.sql.SQLIntegrityConstraintViolationException: Cannot delete or update a parent row: a foreign key constraint fails (`preschoolforward_test`.`report`, CONSTRAINT `Report_User` FOREIGN KEY (`user_id`) REFERENCES `user` (`id`))
[ERROR] 2020-05-10 16:36:27.894 [main] Database - java.sql.SQLIntegrityConstraintViolationException: Cannot delete or update a parent row: a foreign key constraint fails (`preschoolforward_test`.`report`, CONSTRAINT `Report_User` FOREIGN KEY (`user_id`) REFERENCES `user` (`id`))
[ERROR] 2020-05-10 16:36:30.231 [main] Database - java.sql.SQLIntegrityConstraintViolationException: Cannot delete or update a parent row: a foreign key constraint fails (`preschoolforward_test`.`report`, CONSTRAINT `Report_User` FOREIGN KEY (`user_id`) REFERENCES `user` (`id`))
[ERROR] 2020-05-10 16:36:30.253 [main] Database - java.sql.SQLIntegrityConstraintViolationException: Cannot delete or update a parent row: a foreign key constraint fails (`preschoolforward_test`.`report`, CONSTRAINT `Report_User` FOREIGN KEY (`user_id`) REFERENCES `user` (`id`))
[ERROR] 2020-05-10 16:39:42.024 [main] Database - java.sql.SQLIntegrityConstraintViolationException: Cannot delete or update a parent row: a foreign key constraint fails (`preschoolforward_test`.`report`, CONSTRAINT `Report_User` FOREIGN KEY (`user_id`) REFERENCES `user` (`id`))
[ERROR] 2020-05-10 16:39:44.250 [main] Database - java.sql.SQLIntegrityConstraintViolationException: Cannot delete or update a parent row: a foreign key constraint fails (`preschoolforward_test`.`report`, CONSTRAINT `Report_User` FOREIGN KEY (`user_id`) REFERENCES `user` (`id`))
[ERROR] 2020-05-10 16:39:44.276 [main] Database - java.sql.SQLIntegrityConstraintViolationException: Cannot delete or update a parent row: a foreign key constraint fails (`preschoolforward_test`.`report`, CONSTRAINT `Report_User` FOREIGN KEY (`user_id`) REFERENCES `user` (`id`))
[ERROR] 2020-05-10 16:40:01.428 [main] Database - java.sql.SQLIntegrityConstraintViolationException: Cannot delete or update a parent row: a foreign key constraint fails (`preschoolforward_test`.`report`, CONSTRAINT `Report_User` FOREIGN KEY (`user_id`) REFERENCES `user` (`id`))
[ERROR] 2020-05-10 16:40:03.723 [main] Database - java.sql.SQLIntegrityConstraintViolationException: Cannot delete or update a parent row: a foreign key constraint fails (`preschoolforward_test`.`report`, CONSTRAINT `Report_User` FOREIGN KEY (`user_id`) REFERENCES `user` (`id`))
[ERROR] 2020-05-10 16:40:03.744 [main] Database - java.sql.SQLIntegrityConstraintViolationException: Cannot delete or update a parent row: a foreign key constraint fails (`preschoolforward_test`.`report`, CONSTRAINT `Report_User` FOREIGN KEY (`user_id`) REFERENCES `user` (`id`))
[ERROR] 2020-05-10 16:47:41.808 [main] Database - java.sql.SQLIntegrityConstraintViolationException: Cannot delete or update a parent row: a foreign key constraint fails (`preschoolforward_test`.`report`, CONSTRAINT `Report_User` FOREIGN KEY (`user_id`) REFERENCES `user` (`id`))
[ERROR] 2020-05-10 16:47:44.111 [main] Database - java.sql.SQLIntegrityConstraintViolationException: Cannot delete or update a parent row: a foreign key constraint fails (`preschoolforward_test`.`report`, CONSTRAINT `Report_User` FOREIGN KEY (`user_id`) REFERENCES `user` (`id`))
[ERROR] 2020-05-10 16:47:44.134 [main] Database - java.sql.SQLIntegrityConstraintViolationException: Cannot delete or update a parent row: a foreign key constraint fails (`preschoolforward_test`.`report`, CONSTRAINT `Report_User` FOREIGN KEY (`user_id`) REFERENCES `user` (`id`))
[ERROR] 2020-05-10 16:55:20.492 [main] Database - java.sql.SQLIntegrityConstraintViolationException: Cannot delete or update a parent row: a foreign key constraint fails (`preschoolforward_test`.`report`, CONSTRAINT `Report_User` FOREIGN KEY (`user_id`) REFERENCES `user` (`id`))
[ERROR] 2020-05-10 16:55:22.769 [main] Database - java.sql.SQLIntegrityConstraintViolationException: Cannot delete or update a parent row: a foreign key constraint fails (`preschoolforward_test`.`report`, CONSTRAINT `Report_User` FOREIGN KEY (`user_id`) REFERENCES `user` (`id`))
[ERROR] 2020-05-10 16:55:22.793 [main] Database - java.sql.SQLIntegrityConstraintViolationException: Cannot delete or update a parent row: a foreign key constraint fails (`preschoolforward_test`.`report`, CONSTRAINT `Report_User` FOREIGN KEY (`user_id`) REFERENCES `user` (`id`))
[ERROR] 2020-05-10 16:55:42.372 [main] Database - java.sql.SQLIntegrityConstraintViolationException: Cannot delete or update a parent row: a foreign key constraint fails (`preschoolforward_test`.`report`, CONSTRAINT `Report_User` FOREIGN KEY (`user_id`) REFERENCES `user` (`id`))
[ERROR] 2020-05-10 16:55:44.667 [main] Database - java.sql.SQLIntegrityConstraintViolationException: Cannot delete or update a parent row: a foreign key constraint fails (`preschoolforward_test`.`report`, CONSTRAINT `Report_User` FOREIGN KEY (`user_id`) REFERENCES `user` (`id`))
[ERROR] 2020-05-10 16:55:44.690 [main] Database - java.sql.SQLIntegrityConstraintViolationException: Cannot delete or update a parent row: a foreign key constraint fails (`preschoolforward_test`.`report`, CONSTRAINT `Report_User` FOREIGN KEY (`user_id`) REFERENCES `user` (`id`))
[ERROR] 2020-05-10 17:04:10.413 [main] Database - java.sql.SQLIntegrityConstraintViolationException: Cannot delete or update a parent row: a foreign key constraint fails (`preschoolforward_test`.`report`, CONSTRAINT `Report_User` FOREIGN KEY (`user_id`) REFERENCES `user` (`id`))
[ERROR] 2020-05-10 17:04:12.626 [main] Database - java.sql.SQLIntegrityConstraintViolationException: Cannot delete or update a parent row: a foreign key constraint fails (`preschoolforward_test`.`report`, CONSTRAINT `Report_User` FOREIGN KEY (`user_id`) REFERENCES `user` (`id`))
[ERROR] 2020-05-10 17:04:12.684 [main] Database - java.sql.SQLIntegrityConstraintViolationException: Cannot delete or update a parent row: a foreign key constraint fails (`preschoolforward_test`.`report`, CONSTRAINT `Report_User` FOREIGN KEY (`user_id`) REFERENCES `user` (`id`))
[ERROR] 2020-05-10 17:05:28.166 [main] Database - java.sql.SQLIntegrityConstraintViolationException: Cannot delete or update a parent row: a foreign key constraint fails (`preschoolforward_test`.`report`, CONSTRAINT `Report_User` FOREIGN KEY (`user_id`) REFERENCES `user` (`id`))
[ERROR] 2020-05-10 17:05:30.663 [main] Database - java.sql.SQLIntegrityConstraintViolationException: Cannot delete or update a parent row: a foreign key constraint fails (`preschoolforward_test`.`report`, CONSTRAINT `Report_User` FOREIGN KEY (`user_id`) REFERENCES `user` (`id`))
[ERROR] 2020-05-10 17:05:30.711 [main] Database - java.sql.SQLIntegrityConstraintViolationException: Cannot delete or update a parent row: a foreign key constraint fails (`preschoolforward_test`.`report`, CONSTRAINT `Report_User` FOREIGN KEY (`user_id`) REFERENCES `user` (`id`))
[ERROR] 2020-05-10 17:11:08.041 [main] Database - java.sql.SQLIntegrityConstraintViolationException: Cannot delete or update a parent row: a foreign key constraint fails (`preschoolforward_test`.`parent`, CONSTRAINT `Parent_Parent` FOREIGN KEY (`user_id`) REFERENCES `user` (`id`))
[ERROR] 2020-05-10 17:11:10.600 [main] Database - java.sql.SQLIntegrityConstraintViolationException: Cannot delete or update a parent row: a foreign key constraint fails (`preschoolforward_test`.`parent`, CONSTRAINT `Parent_Parent` FOREIGN KEY (`user_id`) REFERENCES `user` (`id`))
[ERROR] 2020-05-10 17:11:10.658 [main] Database - java.sql.SQLIntegrityConstraintViolationException: Cannot delete or update a parent row: a foreign key constraint fails (`preschoolforward_test`.`parent`, CONSTRAINT `Parent_Parent` FOREIGN KEY (`user_id`) REFERENCES `user` (`id`))
[INFO ] 2020-05-10 20:25:28.995 [http-nio-8080-exec-9] EditStudentServlet - Editing Student data
Student ID:13
[INFO ] 2020-05-10 20:26:35.043 [http-nio-8080-exec-5] addStudentServlet - AddStudentServlet is working
[INFO ] 2020-05-10 20:26:35.089 [http-nio-8080-exec-5] addStudentServlet - Add new student 
student id = 14
[INFO ] 2020-05-10 20:30:15.778 [http-nio-8080-exec-3] addStudentServlet - AddStudentServlet is working
[INFO ] 2020-05-10 20:30:15.845 [http-nio-8080-exec-3] addStudentServlet - Add new student 
student id = 15
[INFO ] 2020-05-10 20:33:28.817 [http-nio-8080-exec-7] addStudentServlet - AddStudentServlet is working
[INFO ] 2020-05-10 20:33:33.159 [http-nio-8080-exec-7] addStudentServlet - Add new student 
student id = 16
[INFO ] 2020-05-10 20:40:07.682 [http-nio-8080-exec-6] addStudentServlet - AddStudentServlet is working
[INFO ] 2020-05-10 20:40:12.018 [http-nio-8080-exec-6] addStudentServlet - Add new student 
student id = 17
[INFO ] 2020-05-10 20:48:47.330 [http-nio-8080-exec-8] editUserServlet - Editing user data
 User ID:1
[INFO ] 2020-05-10 20:54:57.556 [http-nio-8080-exec-9] DailyRateForm - student id: 1
[INFO ] 2020-05-10 20:54:57.556 [http-nio-8080-exec-9] DailyRateForm - emotionInput name: emotion0  emotion rate: 5
[INFO ] 2020-05-10 20:54:57.556 [http-nio-8080-exec-9] DailyRateForm - eatingInput name: eating0  eating rate: 5
[INFO ] 2020-05-10 20:54:57.556 [http-nio-8080-exec-9] DailyRateForm - sleepingInput name: sleeping0  sleeping rate: 5
[INFO ] 2020-05-10 20:54:57.593 [http-nio-8080-exec-9] DailyRateForm - student id: 2
[INFO ] 2020-05-10 20:54:57.593 [http-nio-8080-exec-9] DailyRateForm - emotionInput name: emotion1  emotion rate: 4
[INFO ] 2020-05-10 20:54:57.593 [http-nio-8080-exec-9] DailyRateForm - eatingInput name: eating1  eating rate: 4
[INFO ] 2020-05-10 20:54:57.593 [http-nio-8080-exec-9] DailyRateForm - sleepingInput name: sleeping1  sleeping rate: 5
[INFO ] 2020-05-10 20:54:57.600 [http-nio-8080-exec-9] DailyRateForm - student id: 5
[INFO ] 2020-05-10 20:54:57.600 [http-nio-8080-exec-9] DailyRateForm - emotionInput name: emotion2  emotion rate: 3
[INFO ] 2020-05-10 20:54:57.600 [http-nio-8080-exec-9] DailyRateForm - eatingInput name: eating2  eating rate: 4
[INFO ] 2020-05-10 20:54:57.600 [http-nio-8080-exec-9] DailyRateForm - sleepingInput name: sleeping2  sleeping rate: 5
[INFO ] 2020-05-10 20:54:57.618 [http-nio-8080-exec-9] DailyRateForm - student id: 13
[INFO ] 2020-05-10 20:54:57.618 [http-nio-8080-exec-9] DailyRateForm - emotionInput name: emotion3  emotion rate: 5
[INFO ] 2020-05-10 20:54:57.618 [http-nio-8080-exec-9] DailyRateForm - eatingInput name: eating3  eating rate: 5
[INFO ] 2020-05-10 20:54:57.618 [http-nio-8080-exec-9] DailyRateForm - sleepingInput name: sleeping3  sleeping rate: 5
[INFO ] 2020-05-10 20:54:57.631 [http-nio-8080-exec-9] DailyRateForm - student id: 14
[INFO ] 2020-05-10 20:54:57.631 [http-nio-8080-exec-9] DailyRateForm - emotionInput name: emotion4  emotion rate: 4
[INFO ] 2020-05-10 20:54:57.631 [http-nio-8080-exec-9] DailyRateForm - eatingInput name: eating4  eating rate: 4
[INFO ] 2020-05-10 20:54:57.631 [http-nio-8080-exec-9] DailyRateForm - sleepingInput name: sleeping4  sleeping rate: 5
[INFO ] 2020-05-10 20:54:57.639 [http-nio-8080-exec-9] DailyRateForm - student id: 15
[INFO ] 2020-05-10 20:54:57.639 [http-nio-8080-exec-9] DailyRateForm - emotionInput name: emotion5  emotion rate: 4
[INFO ] 2020-05-10 20:54:57.639 [http-nio-8080-exec-9] DailyRateForm - eatingInput name: eating5  eating rate: 3
[INFO ] 2020-05-10 20:54:57.639 [http-nio-8080-exec-9] DailyRateForm - sleepingInput name: sleeping5  sleeping rate: 3
[INFO ] 2020-05-10 21:19:46.670 [http-nio-8080-exec-3] addUserServlet - Added user
[INFO ] 2020-05-10 21:26:05.572 [http-nio-8080-exec-10] EditStudentServlet - Editing Student data
Student ID:9
[INFO ] 2020-05-10 21:26:35.297 [http-nio-8080-exec-7] DailyRateForm - student id: 1
[INFO ] 2020-05-10 21:26:35.297 [http-nio-8080-exec-7] DailyRateForm - emotionInput name: emotion0  emotion rate: 5
[INFO ] 2020-05-10 21:26:35.297 [http-nio-8080-exec-7] DailyRateForm - eatingInput name: eating0  eating rate: 4
[INFO ] 2020-05-10 21:26:35.297 [http-nio-8080-exec-7] DailyRateForm - sleepingInput name: sleeping0  sleeping rate: 5
[INFO ] 2020-05-10 21:26:35.324 [http-nio-8080-exec-7] DailyRateForm - student id: 2
[INFO ] 2020-05-10 21:26:35.324 [http-nio-8080-exec-7] DailyRateForm - emotionInput name: emotion1  emotion rate: 4
[INFO ] 2020-05-10 21:26:35.324 [http-nio-8080-exec-7] DailyRateForm - eatingInput name: eating1  eating rate: 4
[INFO ] 2020-05-10 21:26:35.324 [http-nio-8080-exec-7] DailyRateForm - sleepingInput name: sleeping1  sleeping rate: 4
[INFO ] 2020-05-10 21:26:35.332 [http-nio-8080-exec-7] DailyRateForm - student id: 5
[INFO ] 2020-05-10 21:26:35.332 [http-nio-8080-exec-7] DailyRateForm - emotionInput name: emotion2  emotion rate: 5
[INFO ] 2020-05-10 21:26:35.332 [http-nio-8080-exec-7] DailyRateForm - eatingInput name: eating2  eating rate: 5
[INFO ] 2020-05-10 21:26:35.332 [http-nio-8080-exec-7] DailyRateForm - sleepingInput name: sleeping2  sleeping rate: 5
[INFO ] 2020-05-10 21:26:35.350 [http-nio-8080-exec-7] DailyRateForm - student id: 9
[INFO ] 2020-05-10 21:26:35.350 [http-nio-8080-exec-7] DailyRateForm - emotionInput name: emotion3  emotion rate: 5
[INFO ] 2020-05-10 21:26:35.350 [http-nio-8080-exec-7] DailyRateForm - eatingInput name: eating3  eating rate: 3
[INFO ] 2020-05-10 21:26:35.350 [http-nio-8080-exec-7] DailyRateForm - sleepingInput name: sleeping3  sleeping rate: 3
[INFO ] 2020-05-10 21:26:35.363 [http-nio-8080-exec-7] DailyRateForm - student id: 13
[INFO ] 2020-05-10 21:26:35.363 [http-nio-8080-exec-7] DailyRateForm - emotionInput name: emotion4  emotion rate: 4
[INFO ] 2020-05-10 21:26:35.363 [http-nio-8080-exec-7] DailyRateForm - eatingInput name: eating4  eating rate: 5
[INFO ] 2020-05-10 21:26:35.363 [http-nio-8080-exec-7] DailyRateForm - sleepingInput name: sleeping4  sleeping rate: 5
[INFO ] 2020-05-10 21:26:35.370 [http-nio-8080-exec-7] DailyRateForm - student id: 14
[INFO ] 2020-05-10 21:26:35.370 [http-nio-8080-exec-7] DailyRateForm - emotionInput name: emotion5  emotion rate: 1
[INFO ] 2020-05-10 21:26:35.370 [http-nio-8080-exec-7] DailyRateForm - eatingInput name: eating5  eating rate: 4
[INFO ] 2020-05-10 21:26:35.370 [http-nio-8080-exec-7] DailyRateForm - sleepingInput name: sleeping5  sleeping rate: 4
[INFO ] 2020-05-10 21:26:35.377 [http-nio-8080-exec-7] DailyRateForm - student id: 15
[INFO ] 2020-05-10 21:26:35.377 [http-nio-8080-exec-7] DailyRateForm - emotionInput name: emotion6  emotion rate: 5
[INFO ] 2020-05-10 21:26:35.377 [http-nio-8080-exec-7] DailyRateForm - eatingInput name: eating6  eating rate: 5
[INFO ] 2020-05-10 21:26:35.377 [http-nio-8080-exec-7] DailyRateForm - sleepingInput name: sleeping6  sleeping rate: 4
[INFO ] 2020-05-10 21:26:58.269 [http-nio-8080-exec-2] addUserServlet - Added user
[INFO ] 2020-05-10 21:34:25.987 [http-nio-8080-exec-8] addUserServlet - Added user
[INFO ] 2020-05-10 21:43:06.633 [http-nio-8080-exec-9] addUserServlet - Added user
[INFO ] 2020-05-10 21:44:39.377 [http-nio-8080-exec-9] DailyRateForm - student id: 1
[INFO ] 2020-05-10 21:44:39.377 [http-nio-8080-exec-9] DailyRateForm - emotionInput name: emotion0  emotion rate: 5
[INFO ] 2020-05-10 21:44:39.377 [http-nio-8080-exec-9] DailyRateForm - eatingInput name: eating0  eating rate: 4
[INFO ] 2020-05-10 21:44:39.377 [http-nio-8080-exec-9] DailyRateForm - sleepingInput name: sleeping0  sleeping rate: 3
[INFO ] 2020-05-10 21:44:39.386 [http-nio-8080-exec-9] DailyRateForm - student id: 2
[INFO ] 2020-05-10 21:44:39.386 [http-nio-8080-exec-9] DailyRateForm - emotionInput name: emotion1  emotion rate: 5
[INFO ] 2020-05-10 21:44:39.386 [http-nio-8080-exec-9] DailyRateForm - eatingInput name: eating1  eating rate: 4
[INFO ] 2020-05-10 21:44:39.386 [http-nio-8080-exec-9] DailyRateForm - sleepingInput name: sleeping1  sleeping rate: 5
[INFO ] 2020-05-10 21:44:39.392 [http-nio-8080-exec-9] DailyRateForm - student id: 5
[INFO ] 2020-05-10 21:44:39.392 [http-nio-8080-exec-9] DailyRateForm - emotionInput name: emotion2  emotion rate: 5
[INFO ] 2020-05-10 21:44:39.392 [http-nio-8080-exec-9] DailyRateForm - eatingInput name: eating2  eating rate: 4
[INFO ] 2020-05-10 21:44:39.392 [http-nio-8080-exec-9] DailyRateForm - sleepingInput name: sleeping2  sleeping rate: 3
[INFO ] 2020-05-10 21:44:39.399 [http-nio-8080-exec-9] DailyRateForm - student id: 9
[INFO ] 2020-05-10 21:44:39.399 [http-nio-8080-exec-9] DailyRateForm - emotionInput name: emotion3  emotion rate: 5
[INFO ] 2020-05-10 21:44:39.399 [http-nio-8080-exec-9] DailyRateForm - eatingInput name: eating3  eating rate: 4
[INFO ] 2020-05-10 21:44:39.399 [http-nio-8080-exec-9] DailyRateForm - sleepingInput name: sleeping3  sleeping rate: 5
[INFO ] 2020-05-10 21:44:39.425 [http-nio-8080-exec-9] DailyRateForm - student id: 13
[INFO ] 2020-05-10 21:44:39.425 [http-nio-8080-exec-9] DailyRateForm - emotionInput name: emotion4  emotion rate: 5
[INFO ] 2020-05-10 21:44:39.425 [http-nio-8080-exec-9] DailyRateForm - eatingInput name: eating4  eating rate: 4
[INFO ] 2020-05-10 21:44:39.425 [http-nio-8080-exec-9] DailyRateForm - sleepingInput name: sleeping4  sleeping rate: 5
[INFO ] 2020-05-10 21:44:39.431 [http-nio-8080-exec-9] DailyRateForm - student id: 14
[INFO ] 2020-05-10 21:44:39.431 [http-nio-8080-exec-9] DailyRateForm - emotionInput name: emotion5  emotion rate: 5
[INFO ] 2020-05-10 21:44:39.431 [http-nio-8080-exec-9] DailyRateForm - eatingInput name: eating5  eating rate: 4
[INFO ] 2020-05-10 21:44:39.431 [http-nio-8080-exec-9] DailyRateForm - sleepingInput name: sleeping5  sleeping rate: 5
[INFO ] 2020-05-10 21:44:39.436 [http-nio-8080-exec-9] DailyRateForm - student id: 15
[INFO ] 2020-05-10 21:44:39.436 [http-nio-8080-exec-9] DailyRateForm - emotionInput name: emotion6  emotion rate: 5
[INFO ] 2020-05-10 21:44:39.436 [http-nio-8080-exec-9] DailyRateForm - eatingInput name: eating6  eating rate: 4
[INFO ] 2020-05-10 21:44:39.436 [http-nio-8080-exec-9] DailyRateForm - sleepingInput name: sleeping6  sleeping rate: 5
[INFO ] 2020-05-10 21:59:43.108 [http-nio-8080-exec-10] addUserServlet - Added user
[INFO ] 2020-05-10 22:12:44.480 [http-nio-8080-exec-5] addUserServlet - Added user
[INFO ] 2020-05-11 21:06:39.720 [http-nio-8080-exec-10] DailyRateForm - student id: 1
[INFO ] 2020-05-11 21:06:39.720 [http-nio-8080-exec-10] DailyRateForm - emotionInput name: emotion0  emotion rate: 5
[INFO ] 2020-05-11 21:06:39.720 [http-nio-8080-exec-10] DailyRateForm - eatingInput name: eating0  eating rate: 4
[INFO ] 2020-05-11 21:06:39.720 [http-nio-8080-exec-10] DailyRateForm - sleepingInput name: sleeping0  sleeping rate: 4
[INFO ] 2020-05-11 21:06:39.787 [http-nio-8080-exec-10] DailyRateForm - student id: 2
[INFO ] 2020-05-11 21:06:39.787 [http-nio-8080-exec-10] DailyRateForm - emotionInput name: emotion1  emotion rate: 5
[INFO ] 2020-05-11 21:06:39.787 [http-nio-8080-exec-10] DailyRateForm - eatingInput name: eating1  eating rate: 5
[INFO ] 2020-05-11 21:06:39.787 [http-nio-8080-exec-10] DailyRateForm - sleepingInput name: sleeping1  sleeping rate: 5
[INFO ] 2020-05-11 21:06:39.799 [http-nio-8080-exec-10] DailyRateForm - student id: 5
[INFO ] 2020-05-11 21:06:39.799 [http-nio-8080-exec-10] DailyRateForm - emotionInput name: emotion2  emotion rate: 4
[INFO ] 2020-05-11 21:06:39.799 [http-nio-8080-exec-10] DailyRateForm - eatingInput name: eating2  eating rate: 5
[INFO ] 2020-05-11 21:06:39.799 [http-nio-8080-exec-10] DailyRateForm - sleepingInput name: sleeping2  sleeping rate: 4
[INFO ] 2020-05-11 21:06:39.819 [http-nio-8080-exec-10] DailyRateForm - student id: 9
[INFO ] 2020-05-11 21:06:39.819 [http-nio-8080-exec-10] DailyRateForm - emotionInput name: emotion3  emotion rate: 4
[INFO ] 2020-05-11 21:06:39.819 [http-nio-8080-exec-10] DailyRateForm - eatingInput name: eating3  eating rate: 5
[INFO ] 2020-05-11 21:06:39.819 [http-nio-8080-exec-10] DailyRateForm - sleepingInput name: sleeping3  sleeping rate: 5
[INFO ] 2020-05-11 21:06:39.830 [http-nio-8080-exec-10] DailyRateForm - student id: 13
[INFO ] 2020-05-11 21:06:39.830 [http-nio-8080-exec-10] DailyRateForm - emotionInput name: emotion4  emotion rate: 5
[INFO ] 2020-05-11 21:06:39.830 [http-nio-8080-exec-10] DailyRateForm - eatingInput name: eating4  eating rate: 4
[INFO ] 2020-05-11 21:06:39.830 [http-nio-8080-exec-10] DailyRateForm - sleepingInput name: sleeping4  sleeping rate: 4
[INFO ] 2020-05-11 21:06:39.838 [http-nio-8080-exec-10] DailyRateForm - student id: 14
[INFO ] 2020-05-11 21:06:39.838 [http-nio-8080-exec-10] DailyRateForm - emotionInput name: emotion5  emotion rate: 5
[INFO ] 2020-05-11 21:06:39.838 [http-nio-8080-exec-10] DailyRateForm - eatingInput name: eating5  eating rate: 5
[INFO ] 2020-05-11 21:06:39.838 [http-nio-8080-exec-10] DailyRateForm - sleepingInput name: sleeping5  sleeping rate: 5
[INFO ] 2020-05-11 21:06:39.865 [http-nio-8080-exec-10] DailyRateForm - student id: 15
[INFO ] 2020-05-11 21:06:39.865 [http-nio-8080-exec-10] DailyRateForm - emotionInput name: emotion6  emotion rate: 5
[INFO ] 2020-05-11 21:06:39.865 [http-nio-8080-exec-10] DailyRateForm - eatingInput name: eating6  eating rate: 5
[INFO ] 2020-05-11 21:06:39.865 [http-nio-8080-exec-10] DailyRateForm - sleepingInput name: sleeping6  sleeping rate: 5
